Arguments: 
  /home/nramos/.nvm/v6.10.3/bin/node /usr/local/bin/yarn add express

PATH: 
  /usr/local/cuda-6.5/bin:/home/nramos/.nvm/v6.10.3/bin:/usr/local/sbin:/usr/local/bin:/usr/sbin:/usr/bin:/sbin:/bin:/usr/games:/usr/local/games:/usr/lib/jvm/java-8-oracle/bin:/usr/lib/jvm/java-8-oracle/db/bin:/usr/lib/jvm/java-8-oracle/jre/bin

Yarn version: 
  0.24.5

Node version: 
  6.10.3

Platform: 
  linux x64

npm manifest: 
  {
    "name": "vsmart-enterprise-api",
    "version": "1.0.0",
    "main": "index.js",
    "license": "MIT",
    "scripts": {
      "start": ""
    },
    "dependencies": {
      "apollo-server-express": "^1.3.2",
      "graphql": "^0.12.3"
    }
  }

yarn manifest: 
  No manifest

Lockfile: 
  # THIS IS AN AUTOGENERATED FILE. DO NOT EDIT THIS FILE DIRECTLY.
  # yarn lockfile v1
  
  
  apollo-cache-control@^0.0.x:
    version "0.0.7"
    resolved "https://registry.yarnpkg.com/apollo-cache-control/-/apollo-cache-control-0.0.7.tgz#ffef56413a429a1ce204be5b78d248c4fe3b67ac"
    dependencies:
      graphql-extensions "^0.0.x"
  
  apollo-server-core@^1.3.2:
    version "1.3.2"
    resolved "https://registry.yarnpkg.com/apollo-server-core/-/apollo-server-core-1.3.2.tgz#f36855a3ebdc2d77b8b9c454380bf1d706105ffc"
    dependencies:
      apollo-cache-control "^0.0.x"
      apollo-tracing "^0.1.0"
      graphql-extensions "^0.0.x"
  
  apollo-server-express@^1.3.2:
    version "1.3.2"
    resolved "https://registry.yarnpkg.com/apollo-server-express/-/apollo-server-express-1.3.2.tgz#0ff8201c0bf362804a151e1399767dae6ab7e309"
    dependencies:
      apollo-server-core "^1.3.2"
      apollo-server-module-graphiql "^1.3.0"
  
  apollo-server-module-graphiql@^1.3.0:
    version "1.3.2"
    resolved "https://registry.yarnpkg.com/apollo-server-module-graphiql/-/apollo-server-module-graphiql-1.3.2.tgz#0a9e4c48dece3af904fee333f95f7b9817335ca7"
  
  apollo-tracing@^0.1.0:
    version "0.1.1"
    resolved "https://registry.yarnpkg.com/apollo-tracing/-/apollo-tracing-0.1.1.tgz#7a5707543fc102f81cda7ba45b98331a82a6750b"
    dependencies:
      graphql-extensions "^0.0.x"
  
  core-js@^2.5.1:
    version "2.5.3"
    resolved "https://registry.yarnpkg.com/core-js/-/core-js-2.5.3.tgz#8acc38345824f16d8365b7c9b4259168e8ed603e"
  
  graphql-extensions@^0.0.x:
    version "0.0.5"
    resolved "https://registry.yarnpkg.com/graphql-extensions/-/graphql-extensions-0.0.5.tgz#63bc4a3fd31aab12bfadf783cbc038a9a6937cf0"
    dependencies:
      core-js "^2.5.1"
      source-map-support "^0.5.0"
  
  graphql@^0.12.3:
    version "0.12.3"
    resolved "https://registry.yarnpkg.com/graphql/-/graphql-0.12.3.tgz#11668458bbe28261c0dcb6e265f515ba79f6ce07"
    dependencies:
      iterall "1.1.3"
  
  iterall@1.1.3:
    version "1.1.3"
    resolved "https://registry.yarnpkg.com/iterall/-/iterall-1.1.3.tgz#1cbbff96204056dde6656e2ed2e2226d0e6d72c9"
  
  source-map-support@^0.5.0:
    version "0.5.0"
    resolved "https://registry.yarnpkg.com/source-map-support/-/source-map-support-0.5.0.tgz#2018a7ad2bdf8faf2691e5fddab26bed5a2bacab"
    dependencies:
      source-map "^0.6.0"
  
  source-map@^0.6.0:
    version "0.6.1"
    resolved "https://registry.yarnpkg.com/source-map/-/source-map-0.6.1.tgz#74722af32e9614e9c287a8d0bbde48b5e2f1a263"

Trace: 
  Error: https://registry.yarnpkg.com/content-type: ETIMEDOUT
      at Timeout._onTimeout (/usr/local/lib/node_modules/yarn/node_modules/request/request.js:852:19)
      at ontimeout (timers.js:386:14)
      at tryOnTimeout (timers.js:250:5)
      at Timer.listOnTimeout (timers.js:214:5)
